<?xml version="1.0" encoding="UTF-8"?>
<!-- Generated by org.testng.reporters.JUnitReportReporter -->
<testsuite skipped="0" hostname="DESKTOP-MEFAS45" name="multipleobjectextraction.Flipkart" tests="1" failures="0" timestamp="2021-05-02T11:48:06 IST" time="8.112" errors="0">
  <testcase name="printNames" time="8.112" classname="multipleobjectextraction.Flipkart"/>
  <system-out/>
</testsuite> <!-- multipleobjectextraction.Flipkart -->
