<?xml version="1.0" encoding="UTF-8"?>
<!-- Generated by org.testng.reporters.JUnitReportReporter -->
<testsuite skipped="0" hostname="DESKTOP-MEFAS45" name="browsers.SeleniumBasics" tests="1" failures="0" timestamp="2021-04-11T10:00:40 IST" time="11.341" errors="0">
  <testcase name="testApp" time="11.341" classname="browsers.SeleniumBasics"/>
  <system-out/>
</testsuite> <!-- browsers.SeleniumBasics -->
