<?xml version="1.0" encoding="UTF-8"?>
<!-- Generated by org.testng.reporters.JUnitReportReporter -->
<testsuite skipped="0" hostname="DESKTOP-MEFAS45" name="identifyingelements.LinkedIn" tests="1" failures="0" timestamp="2021-04-17T12:38:31 IST" time="7.689" errors="0">
  <testcase name="linkedIn" time="7.689" classname="identifyingelements.LinkedIn"/>
  <system-out/>
</testsuite> <!-- identifyingelements.LinkedIn -->
