<?xml version="1.0" encoding="UTF-8"?>
<!-- Generated by org.testng.reporters.JUnitReportReporter -->
<testsuite skipped="0" hostname="DESKTOP-MEFAS45" name="optionsandprofiling.IEOptionsExample" tests="1" failures="0" timestamp="2021-04-12T01:27:28 IST" time="12.934" errors="0">
  <testcase name="ie" time="12.934" classname="optionsandprofiling.IEOptionsExample"/>
  <system-out/>
</testsuite> <!-- optionsandprofiling.IEOptionsExample -->
