<?xml version="1.0" encoding="UTF-8"?>
<!-- Generated by org.testng.reporters.JUnitReportReporter -->
<testsuite skipped="0" hostname="DESKTOP-MEFAS45" name="optionsandprofiling.EdgeDriverSel" tests="1" failures="0" timestamp="2021-04-13T09:14:16 IST" time="4.156" errors="0">
  <testcase name="edge" time="4.156" classname="optionsandprofiling.EdgeDriverSel"/>
  <system-out/>
</testsuite> <!-- optionsandprofiling.EdgeDriverSel -->
