<?xml version="1.0" encoding="UTF-8"?>
<!-- Generated by org.testng.reporters.JUnitReportReporter -->
<testsuite skipped="0" hostname="DESKTOP-MEFAS45" name="cssselectors.LinkedIn" tests="1" failures="0" timestamp="2021-04-18T20:59:52 IST" time="5.551" errors="0">
  <testcase name="linkedIn" time="5.551" classname="cssselectors.LinkedIn"/>
  <system-out/>
</testsuite> <!-- cssselectors.LinkedIn -->
