<?xml version="1.0" encoding="UTF-8"?>
<!-- Generated by org.testng.reporters.JUnitReportReporter -->
<testsuite skipped="0" hostname="DESKTOP-MEFAS45" name="xpaths.Flipkart" tests="1" failures="0" timestamp="2021-04-17T17:44:02 IST" time="13.606" errors="0">
  <testcase name="login" time="13.606" classname="xpaths.Flipkart"/>
  <system-out/>
</testsuite> <!-- xpaths.Flipkart -->
