<?xml version="1.0" encoding="UTF-8"?>
<!-- Generated by org.testng.reporters.JUnitReportReporter -->
<testsuite skipped="0" hostname="DESKTOP-MEFAS45" name="webelementfunctions.Cnn" tests="1" failures="0" timestamp="2021-04-22T21:00:37 IST" time="26.068" errors="0">
  <testcase name="appTest" time="26.068" classname="webelementfunctions.Cnn"/>
  <system-out/>
</testsuite> <!-- webelementfunctions.Cnn -->
