<?xml version="1.0" encoding="UTF-8"?>
<!-- Generated by org.testng.reporters.JUnitReportReporter -->
<testsuite skipped="0" hostname="DESKTOP-MEFAS45" name="xpaths.LinkedIn" tests="1" failures="0" timestamp="2021-04-17T16:04:33 IST" time="11.947" errors="0">
  <testcase name="linkedIn" time="11.947" classname="xpaths.LinkedIn"/>
  <system-out/>
</testsuite> <!-- xpaths.LinkedIn -->
