<?xml version="1.0" encoding="UTF-8"?>
<!-- Generated by org.testng.reporters.JUnitReportReporter -->
<testsuite skipped="0" hostname="DESKTOP-MEFAS45" name="optionsandprofiling.FirefoxProfilingAndOptions" tests="1" failures="0" timestamp="2021-04-11T21:19:38 IST" time="10.144" errors="0">
  <testcase name="firefox" time="10.144" classname="optionsandprofiling.FirefoxProfilingAndOptions"/>
  <system-out/>
</testsuite> <!-- optionsandprofiling.FirefoxProfilingAndOptions -->
