<?xml version="1.0" encoding="UTF-8"?>
<!-- Generated by org.testng.reporters.JUnitReportReporter -->
<testsuite skipped="0" hostname="DESKTOP-MEFAS45" name="webelementfunctions.DropDown" tests="1" failures="0" timestamp="2021-04-23T10:53:10 IST" time="5.900" errors="0">
  <testcase name="appTest" time="5.900" classname="webelementfunctions.DropDown"/>
  <system-out/>
</testsuite> <!-- webelementfunctions.DropDown -->
