<?xml version="1.0" encoding="UTF-8"?>
<!-- Generated by org.testng.reporters.JUnitReportReporter -->
<testsuite skipped="0" hostname="DESKTOP-MEFAS45" name="webelementfunctions.Zoho" tests="1" failures="0" timestamp="2021-04-22T23:52:00 IST" time="7.447" errors="0">
  <testcase name="appTest" time="7.447" classname="webelementfunctions.Zoho"/>
  <system-out/>
</testsuite> <!-- webelementfunctions.Zoho -->
