<?xml version="1.0" encoding="UTF-8"?>
<!-- Generated by org.testng.reporters.JUnitReportReporter -->
<testsuite skipped="0" hostname="DESKTOP-MEFAS45" name="cssselectors.UnderstandingClassName" tests="1" failures="0" timestamp="2021-04-18T21:14:47 IST" time="12.101" errors="0">
  <testcase name="linkedIn" time="12.101" classname="cssselectors.UnderstandingClassName"/>
  <system-out/>
</testsuite> <!-- cssselectors.UnderstandingClassName -->
